2024-11-11 08:30:33,151  - INFO - *** test_001_Account Registartion started ***
2024-11-11 08:30:33,151  - INFO - *** test_001_Account Registartion started ***
2024-11-11 08:30:33,156  - INFO - *** Clicking on My Account ***
2024-11-11 08:30:33,156  - INFO - *** Clicking on My Account ***
2024-11-11 08:30:34,040  - INFO - *** Providing Customer Details ***
2024-11-11 08:30:34,040  - INFO - *** Providing Customer Details ***
2024-11-11 08:30:39,783  - INFO - *** Account Registration Test is passed ***
2024-11-11 08:30:39,783  - INFO - *** Account Registration Test is passed ***
2024-11-11 08:30:41,090  - INFO - *** test_001_Account Registartion Test is finished ***
2024-11-11 08:30:41,090  - INFO - *** test_001_Account Registartion Test is finished ***
2024-11-11 08:30:58,464  - INFO -  *** Starting test_002_login ***
2024-11-11 08:30:58,464  - INFO -  *** Starting test_002_login ***
2024-11-11 08:31:08,575  - INFO - *** test_002_login test is passed  ****
2024-11-11 08:31:08,575  - INFO - *** test_002_login test is passed  ****
2024-11-11 08:31:08,575  - INFO - *** test_002_login test is finished  ****
2024-11-11 08:31:08,575  - INFO - *** test_002_login test is finished  ****
2024-11-11 08:39:02,792  - INFO - *** test_001_Account Registartion started ***
2024-11-11 08:39:02,792  - INFO - *** test_001_Account Registartion started ***
2024-11-11 08:39:02,794  - INFO - *** Clicking on My Account ***
2024-11-11 08:39:02,794  - INFO - *** Clicking on My Account ***
2024-11-11 08:39:03,690  - INFO - *** Providing Customer Details ***
2024-11-11 08:39:03,690  - INFO - *** Providing Customer Details ***
2024-11-11 08:39:08,858  - INFO - *** Account Registration Test is passed ***
2024-11-11 08:39:08,858  - INFO - *** Account Registration Test is passed ***
2024-11-11 08:39:09,428  - INFO - *** test_001_Account Registartion Test is finished ***
2024-11-11 08:39:09,428  - INFO - *** test_001_Account Registartion Test is finished ***
2024-11-11 08:39:12,931  - INFO -  *** Starting test_002_login ***
2024-11-11 08:39:12,931  - INFO -  *** Starting test_002_login ***
2024-11-11 08:39:23,224  - ERROR - *** test_002_login test is failed  ****
2024-11-11 08:39:23,224  - ERROR - *** test_002_login test is failed  ****
2024-11-11 08:39:54,712  - INFO - *** test_001_Account Registartion started ***
2024-11-11 08:39:54,712  - INFO - *** test_001_Account Registartion started ***
2024-11-11 08:39:54,715  - INFO - *** Clicking on My Account ***
2024-11-11 08:39:54,715  - INFO - *** Clicking on My Account ***
2024-11-11 08:39:55,231  - INFO - *** Providing Customer Details ***
2024-11-11 08:39:55,231  - INFO - *** Providing Customer Details ***
2024-11-11 08:40:00,483  - INFO - *** Account Registration Test is passed ***
2024-11-11 08:40:00,483  - INFO - *** Account Registration Test is passed ***
2024-11-11 08:40:00,861  - INFO - *** test_001_Account Registartion Test is finished ***
2024-11-11 08:40:00,861  - INFO - *** test_001_Account Registartion Test is finished ***
2024-11-11 08:40:05,171  - INFO -  *** Starting test_002_login ***
2024-11-11 08:40:05,171  - INFO -  *** Starting test_002_login ***
2024-11-11 08:40:15,994  - ERROR - *** test_002_login test is failed  ****
2024-11-11 08:40:15,994  - ERROR - *** test_002_login test is failed  ****
2024-11-11 19:33:34,805  - INFO - *** test_001_Account Registartion started ***
2024-11-11 19:33:34,805  - INFO - *** test_001_Account Registartion started ***
2024-11-11 19:33:34,806  - INFO - *** Clicking on My Account ***
2024-11-11 19:33:34,806  - INFO - *** Clicking on My Account ***
2024-11-11 19:33:35,457  - INFO - *** Providing Customer Details ***
2024-11-11 19:33:35,457  - INFO - *** Providing Customer Details ***
2024-11-11 19:33:40,827  - INFO - *** Account Registration Test is passed ***
2024-11-11 19:33:40,827  - INFO - *** Account Registration Test is passed ***
2024-11-11 19:33:40,964  - INFO - *** test_001_Account Registartion Test is finished ***
2024-11-11 19:33:40,964  - INFO - *** test_001_Account Registartion Test is finished ***
2024-11-11 19:33:44,082  - INFO -  *** Starting test_002_login ***
2024-11-11 19:33:44,082  - INFO -  *** Starting test_002_login ***
2024-11-11 19:33:51,468  - INFO - *** test_002_login test is passed  ****
2024-11-11 19:33:51,468  - INFO - *** test_002_login test is passed  ****
2024-11-11 19:33:51,468  - INFO - *** test_002_login test is finished  ****
2024-11-11 19:33:51,468  - INFO - *** test_002_login test is finished  ****
